<?xml version="1.0" encoding="UTF-8"?>
<testng-results skipped="0" failed="0" ignored="0" total="1" passed="1">
  <reporter-output>
  </reporter-output>
  <suite name="Default suite" duration-ms="83081" started-at="2019-05-14T09:53:00Z" finished-at="2019-05-14T09:54:23Z">
    <groups>
    </groups>
    <test name="Default test" duration-ms="83081" started-at="2019-05-14T09:53:00Z" finished-at="2019-05-14T09:54:23Z">
      <class name="extentreport.BluestoneScenario1">
        <test-method status="PASS" signature="scenario1()[pri:0, instance:extentreport.BluestoneScenario1@224edc67]" name="scenario1" duration-ms="83033" started-at="2019-05-14T09:53:00Z" finished-at="2019-05-14T09:54:23Z">
          <reporter-output>
          </reporter-output>
        </test-method> <!-- scenario1 -->
      </class> <!-- extentreport.BluestoneScenario1 -->
    </test> <!-- Default test -->
  </suite> <!-- Default suite -->
</testng-results>
